  VectorTest.cpp
b:\mapp\game-projects\cplusplus_assignments\a5 - vector 2\advancedcplusplus_a5\advancedcplusplus_a5\vector.hpp(293): error C2556: 'VectIter<const T> Vector<T>::begin(void) const': overloaded function differs only by return type from 'VectIter<T> Vector<T>::begin(void) const'
          with
          [
              T=C
          ]
  b:\mapp\game-projects\cplusplus_assignments\a5 - vector 2\advancedcplusplus_a5\advancedcplusplus_a5\vector.hpp(286): note: see declaration of 'Vector<C>::begin'
  b:\mapp\game-projects\cplusplus_assignments\a5 - vector 2\advancedcplusplus_a5\advancedcplusplus_a5\vectortest.cpp(51): note: see reference to class template instantiation 'Vector<C>' being compiled
b:\mapp\game-projects\cplusplus_assignments\a5 - vector 2\advancedcplusplus_a5\advancedcplusplus_a5\vector.hpp(292): error C2371: 'Vector<C>::begin': redefinition; different basic types
  b:\mapp\game-projects\cplusplus_assignments\a5 - vector 2\advancedcplusplus_a5\advancedcplusplus_a5\vector.hpp(286): note: see declaration of 'Vector<C>::begin'
b:\mapp\game-projects\cplusplus_assignments\a5 - vector 2\advancedcplusplus_a5\advancedcplusplus_a5\vector.hpp(294): error C2059: syntax error: 'return'
b:\mapp\game-projects\cplusplus_assignments\a5 - vector 2\advancedcplusplus_a5\advancedcplusplus_a5\vector.hpp(294): error C2238: unexpected token(s) preceding ';'
b:\mapp\game-projects\cplusplus_assignments\a5 - vector 2\advancedcplusplus_a5\advancedcplusplus_a5\vector.hpp(298): error C2146: syntax error: missing ';' before identifier 'reverse_iterator'
b:\mapp\game-projects\cplusplus_assignments\a5 - vector 2\advancedcplusplus_a5\advancedcplusplus_a5\vector.hpp(293): error C2556: 'VectIter<const T> Vector<T>::begin(void) const': overloaded function differs only by return type from 'VectIter<T> Vector<T>::begin(void) const'
          with
          [
              T=char
          ]
  b:\mapp\game-projects\cplusplus_assignments\a5 - vector 2\advancedcplusplus_a5\advancedcplusplus_a5\vector.hpp(286): note: see declaration of 'Vector<char>::begin'
  b:\mapp\game-projects\cplusplus_assignments\a5 - vector 2\advancedcplusplus_a5\advancedcplusplus_a5\vectortest.cpp(66): note: see reference to class template instantiation 'Vector<char>' being compiled
b:\mapp\game-projects\cplusplus_assignments\a5 - vector 2\advancedcplusplus_a5\advancedcplusplus_a5\vector.hpp(292): error C2371: 'Vector<char>::begin': redefinition; different basic types
  b:\mapp\game-projects\cplusplus_assignments\a5 - vector 2\advancedcplusplus_a5\advancedcplusplus_a5\vector.hpp(286): note: see declaration of 'Vector<char>::begin'
b:\mapp\game-projects\cplusplus_assignments\a5 - vector 2\advancedcplusplus_a5\advancedcplusplus_a5\vectortest.cpp(191): error C2678: binary '==': no operator found which takes a left-hand operand of type 'Vector<char>' (or there is no acceptable conversion)
  b:\mapp\game-projects\cplusplus_assignments\a5 - vector 2\advancedcplusplus_a5\advancedcplusplus_a5\vectortest.cpp(191): note: could be 'built-in C++ operator==(const char [4], const char [4])'
  b:\mapp\game-projects\cplusplus_assignments\a5 - vector 2\advancedcplusplus_a5\advancedcplusplus_a5\vectortest.cpp(191): note: while trying to match the argument list '(Vector<char>, const char [4])'
b:\mapp\game-projects\cplusplus_assignments\a5 - vector 2\advancedcplusplus_a5\advancedcplusplus_a5\vectortest.cpp(196): error C2678: binary '==': no operator found which takes a left-hand operand of type 'Vector<char>' (or there is no acceptable conversion)
  b:\mapp\game-projects\cplusplus_assignments\a5 - vector 2\advancedcplusplus_a5\advancedcplusplus_a5\vectortest.cpp(196): note: could be 'built-in C++ operator==(const char [4], const char [4])'
  b:\mapp\game-projects\cplusplus_assignments\a5 - vector 2\advancedcplusplus_a5\advancedcplusplus_a5\vectortest.cpp(196): note: while trying to match the argument list '(Vector<char>, const char [4])'
b:\mapp\game-projects\cplusplus_assignments\a5 - vector 2\advancedcplusplus_a5\advancedcplusplus_a5\vectortest.cpp(197): error C2678: binary '==': no operator found which takes a left-hand operand of type 'Vector<char>' (or there is no acceptable conversion)
  b:\mapp\game-projects\cplusplus_assignments\a5 - vector 2\advancedcplusplus_a5\advancedcplusplus_a5\vectortest.cpp(197): note: could be 'built-in C++ operator==(const char [4], const char [4])'
  b:\mapp\game-projects\cplusplus_assignments\a5 - vector 2\advancedcplusplus_a5\advancedcplusplus_a5\vectortest.cpp(197): note: while trying to match the argument list '(Vector<char>, const char [4])'
b:\mapp\game-projects\cplusplus_assignments\a5 - vector 2\advancedcplusplus_a5\advancedcplusplus_a5\vectortest.cpp(198): error C2678: binary '==': no operator found which takes a left-hand operand of type 'Vector<char>' (or there is no acceptable conversion)
  b:\mapp\game-projects\cplusplus_assignments\a5 - vector 2\advancedcplusplus_a5\advancedcplusplus_a5\vectortest.cpp(198): note: could be 'built-in C++ operator==(const char [4], const char [4])'
  b:\mapp\game-projects\cplusplus_assignments\a5 - vector 2\advancedcplusplus_a5\advancedcplusplus_a5\vectortest.cpp(198): note: while trying to match the argument list '(Vector<char>, const char [4])'
b:\mapp\game-projects\cplusplus_assignments\a5 - vector 2\advancedcplusplus_a5\advancedcplusplus_a5\vectortest.cpp(202): error C2678: binary '==': no operator found which takes a left-hand operand of type 'Vector<char>' (or there is no acceptable conversion)
  b:\mapp\game-projects\cplusplus_assignments\a5 - vector 2\advancedcplusplus_a5\advancedcplusplus_a5\vectortest.cpp(202): note: could be 'built-in C++ operator==(const char [4], const char [4])'
  b:\mapp\game-projects\cplusplus_assignments\a5 - vector 2\advancedcplusplus_a5\advancedcplusplus_a5\vectortest.cpp(202): note: while trying to match the argument list '(Vector<char>, const char [4])'
b:\mapp\game-projects\cplusplus_assignments\a5 - vector 2\advancedcplusplus_a5\advancedcplusplus_a5\vectortest.cpp(203): error C2678: binary '==': no operator found which takes a left-hand operand of type 'Vector<char>' (or there is no acceptable conversion)
  b:\mapp\game-projects\cplusplus_assignments\a5 - vector 2\advancedcplusplus_a5\advancedcplusplus_a5\vectortest.cpp(203): note: could be 'built-in C++ operator==(const char [4], const char [4])'
  b:\mapp\game-projects\cplusplus_assignments\a5 - vector 2\advancedcplusplus_a5\advancedcplusplus_a5\vectortest.cpp(203): note: while trying to match the argument list '(Vector<char>, const char [4])'
b:\mapp\game-projects\cplusplus_assignments\a5 - vector 2\advancedcplusplus_a5\advancedcplusplus_a5\vectortest.cpp(204): error C2678: binary '==': no operator found which takes a left-hand operand of type 'Vector<char>' (or there is no acceptable conversion)
  b:\mapp\game-projects\cplusplus_assignments\a5 - vector 2\advancedcplusplus_a5\advancedcplusplus_a5\vectortest.cpp(204): note: could be 'built-in C++ operator==(const char [4], const char [4])'
  b:\mapp\game-projects\cplusplus_assignments\a5 - vector 2\advancedcplusplus_a5\advancedcplusplus_a5\vectortest.cpp(204): note: while trying to match the argument list '(Vector<char>, const char [4])'
b:\mapp\game-projects\cplusplus_assignments\a5 - vector 2\advancedcplusplus_a5\advancedcplusplus_a5\vectortest.cpp(211): error C2676: binary '==': 'Vector<char>' does not define this operator or a conversion to a type acceptable to the predefined operator
b:\mapp\game-projects\cplusplus_assignments\a5 - vector 2\advancedcplusplus_a5\advancedcplusplus_a5\vectortest.cpp(212): error C2676: binary '==': 'Vector<char>' does not define this operator or a conversion to a type acceptable to the predefined operator
b:\mapp\game-projects\cplusplus_assignments\a5 - vector 2\advancedcplusplus_a5\advancedcplusplus_a5\vectortest.cpp(224): error C2676: binary '==': 'Vector<char>' does not define this operator or a conversion to a type acceptable to the predefined operator
b:\mapp\game-projects\cplusplus_assignments\a5 - vector 2\advancedcplusplus_a5\advancedcplusplus_a5\vectortest.cpp(225): error C2676: binary '==': 'Vector<char>' does not define this operator or a conversion to a type acceptable to the predefined operator
b:\mapp\game-projects\cplusplus_assignments\a5 - vector 2\advancedcplusplus_a5\advancedcplusplus_a5\vectortest.cpp(242): error C2039: 'Check': is not a member of 'Vector<char>'
  b:\mapp\game-projects\cplusplus_assignments\a5 - vector 2\advancedcplusplus_a5\advancedcplusplus_a5\vectortest.cpp(64): note: see declaration of 'Vector<char>'
b:\mapp\game-projects\cplusplus_assignments\a5 - vector 2\advancedcplusplus_a5\advancedcplusplus_a5\vectortest.cpp(243): error C2039: 'Check': is not a member of 'Vector<char>'
  b:\mapp\game-projects\cplusplus_assignments\a5 - vector 2\advancedcplusplus_a5\advancedcplusplus_a5\vectortest.cpp(64): note: see declaration of 'Vector<char>'
b:\mapp\game-projects\cplusplus_assignments\a5 - vector 2\advancedcplusplus_a5\advancedcplusplus_a5\vectortest.cpp(245): error C2039: 'Check': is not a member of 'Vector<char>'
  b:\mapp\game-projects\cplusplus_assignments\a5 - vector 2\advancedcplusplus_a5\advancedcplusplus_a5\vectortest.cpp(64): note: see declaration of 'Vector<char>'
b:\mapp\game-projects\cplusplus_assignments\a5 - vector 2\advancedcplusplus_a5\advancedcplusplus_a5\vectortest.cpp(246): error C2039: 'Check': is not a member of 'Vector<char>'
  b:\mapp\game-projects\cplusplus_assignments\a5 - vector 2\advancedcplusplus_a5\advancedcplusplus_a5\vectortest.cpp(64): note: see declaration of 'Vector<char>'
b:\mapp\game-projects\cplusplus_assignments\a5 - vector 2\advancedcplusplus_a5\advancedcplusplus_a5\vectortest.cpp(247): error C2678: binary '==': no operator found which takes a left-hand operand of type 'Vector<char>' (or there is no acceptable conversion)
  b:\mapp\game-projects\cplusplus_assignments\a5 - vector 2\advancedcplusplus_a5\advancedcplusplus_a5\vectortest.cpp(247): note: could be 'built-in C++ operator==(const char [4], const char [4])'
  b:\mapp\game-projects\cplusplus_assignments\a5 - vector 2\advancedcplusplus_a5\advancedcplusplus_a5\vectortest.cpp(247): note: while trying to match the argument list '(Vector<char>, const char [4])'
b:\mapp\game-projects\cplusplus_assignments\a5 - vector 2\advancedcplusplus_a5\advancedcplusplus_a5\vectortest.cpp(248): error C2678: binary '==': no operator found which takes a left-hand operand of type 'Vector<char>' (or there is no acceptable conversion)
  b:\mapp\game-projects\cplusplus_assignments\a5 - vector 2\advancedcplusplus_a5\advancedcplusplus_a5\vectortest.cpp(248): note: could be 'built-in C++ operator==(const char [1], const char [1])'
  b:\mapp\game-projects\cplusplus_assignments\a5 - vector 2\advancedcplusplus_a5\advancedcplusplus_a5\vectortest.cpp(248): note: while trying to match the argument list '(Vector<char>, const char [1])'
b:\mapp\game-projects\cplusplus_assignments\a5 - vector 2\advancedcplusplus_a5\advancedcplusplus_a5\vectortest.cpp(248): error C2088: '==': illegal for class
b:\mapp\game-projects\cplusplus_assignments\a5 - vector 2\advancedcplusplus_a5\advancedcplusplus_a5\vectortest.cpp(249): error C2678: binary '==': no operator found which takes a left-hand operand of type 'Vector<char>' (or there is no acceptable conversion)
  b:\mapp\game-projects\cplusplus_assignments\a5 - vector 2\advancedcplusplus_a5\advancedcplusplus_a5\vectortest.cpp(249): note: could be 'built-in C++ operator==(const char [1], const char [1])'
  b:\mapp\game-projects\cplusplus_assignments\a5 - vector 2\advancedcplusplus_a5\advancedcplusplus_a5\vectortest.cpp(249): note: while trying to match the argument list '(Vector<char>, const char [1])'
b:\mapp\game-projects\cplusplus_assignments\a5 - vector 2\advancedcplusplus_a5\advancedcplusplus_a5\vectortest.cpp(315): error C2678: binary '==': no operator found which takes a left-hand operand of type 'Vector<char>' (or there is no acceptable conversion)
  b:\mapp\game-projects\cplusplus_assignments\a5 - vector 2\advancedcplusplus_a5\advancedcplusplus_a5\vectortest.cpp(315): note: could be 'built-in C++ operator==(const char [5], const char [5])'
  b:\mapp\game-projects\cplusplus_assignments\a5 - vector 2\advancedcplusplus_a5\advancedcplusplus_a5\vectortest.cpp(315): note: while trying to match the argument list '(Vector<char>, const char [5])'
b:\mapp\game-projects\cplusplus_assignments\a5 - vector 2\advancedcplusplus_a5\advancedcplusplus_a5\vectortest.cpp(351): error C2676: binary '==': 'Vector<char>' does not define this operator or a conversion to a type acceptable to the predefined operator
b:\mapp\game-projects\cplusplus_assignments\a5 - vector 2\advancedcplusplus_a5\advancedcplusplus_a5\vectortest.cpp(351): error C2676: binary '!=': 'Vector<char>' does not define this operator or a conversion to a type acceptable to the predefined operator
b:\mapp\game-projects\cplusplus_assignments\a5 - vector 2\advancedcplusplus_a5\advancedcplusplus_a5\vectortest.cpp(352): error C2676: binary '!=': 'Vector<char>' does not define this operator or a conversion to a type acceptable to the predefined operator
b:\mapp\game-projects\cplusplus_assignments\a5 - vector 2\advancedcplusplus_a5\advancedcplusplus_a5\vectortest.cpp(352): error C2676: binary '==': 'Vector<char>' does not define this operator or a conversion to a type acceptable to the predefined operator
b:\mapp\game-projects\cplusplus_assignments\a5 - vector 2\advancedcplusplus_a5\advancedcplusplus_a5\vectortest.cpp(353): error C2676: binary '!=': 'Vector<char>' does not define this operator or a conversion to a type acceptable to the predefined operator
b:\mapp\game-projects\cplusplus_assignments\a5 - vector 2\advancedcplusplus_a5\advancedcplusplus_a5\vectortest.cpp(353): error C2676: binary '==': 'Vector<char>' does not define this operator or a conversion to a type acceptable to the predefined operator
b:\mapp\game-projects\cplusplus_assignments\a5 - vector 2\advancedcplusplus_a5\advancedcplusplus_a5\vectortest.cpp(354): error C2676: binary '!=': 'Vector<char>' does not define this operator or a conversion to a type acceptable to the predefined operator
b:\mapp\game-projects\cplusplus_assignments\a5 - vector 2\advancedcplusplus_a5\advancedcplusplus_a5\vectortest.cpp(354): error C2676: binary '==': 'Vector<char>' does not define this operator or a conversion to a type acceptable to the predefined operator
b:\mapp\game-projects\cplusplus_assignments\a5 - vector 2\advancedcplusplus_a5\advancedcplusplus_a5\vectortest.cpp(355): error C2676: binary '!=': 'Vector<char>' does not define this operator or a conversion to a type acceptable to the predefined operator
b:\mapp\game-projects\cplusplus_assignments\a5 - vector 2\advancedcplusplus_a5\advancedcplusplus_a5\vectortest.cpp(355): error C2676: binary '==': 'Vector<char>' does not define this operator or a conversion to a type acceptable to the predefined operator
b:\mapp\game-projects\cplusplus_assignments\a5 - vector 2\advancedcplusplus_a5\advancedcplusplus_a5\vectortest.cpp(357): error C2676: binary '==': 'Vector<char>' does not define this operator or a conversion to a type acceptable to the predefined operator
b:\mapp\game-projects\cplusplus_assignments\a5 - vector 2\advancedcplusplus_a5\advancedcplusplus_a5\vectortest.cpp(357): error C2676: binary '<': 'Vector<char>' does not define this operator or a conversion to a type acceptable to the predefined operator
b:\mapp\game-projects\cplusplus_assignments\a5 - vector 2\advancedcplusplus_a5\advancedcplusplus_a5\vectortest.cpp(358): error C2676: binary '>': 'Vector<char>' does not define this operator or a conversion to a type acceptable to the predefined operator
b:\mapp\game-projects\cplusplus_assignments\a5 - vector 2\advancedcplusplus_a5\advancedcplusplus_a5\vectortest.cpp(358): error C2676: binary '<': 'Vector<char>' does not define this operator or a conversion to a type acceptable to the predefined operator
b:\mapp\game-projects\cplusplus_assignments\a5 - vector 2\advancedcplusplus_a5\advancedcplusplus_a5\vectortest.cpp(359): error C2676: binary '<': 'Vector<char>' does not define this operator or a conversion to a type acceptable to the predefined operator
b:\mapp\game-projects\cplusplus_assignments\a5 - vector 2\advancedcplusplus_a5\advancedcplusplus_a5\vectortest.cpp(359): error C2676: binary '>': 'Vector<char>' does not define this operator or a conversion to a type acceptable to the predefined operator
b:\mapp\game-projects\cplusplus_assignments\a5 - vector 2\advancedcplusplus_a5\advancedcplusplus_a5\vectortest.cpp(360): error C2676: binary '<': 'Vector<char>' does not define this operator or a conversion to a type acceptable to the predefined operator
b:\mapp\game-projects\cplusplus_assignments\a5 - vector 2\advancedcplusplus_a5\advancedcplusplus_a5\vectortest.cpp(360): error C2676: binary '>': 'Vector<char>' does not define this operator or a conversion to a type acceptable to the predefined operator
b:\mapp\game-projects\cplusplus_assignments\a5 - vector 2\advancedcplusplus_a5\advancedcplusplus_a5\vectortest.cpp(362): error C2676: binary '<=': 'Vector<char>' does not define this operator or a conversion to a type acceptable to the predefined operator
b:\mapp\game-projects\cplusplus_assignments\a5 - vector 2\advancedcplusplus_a5\advancedcplusplus_a5\vectortest.cpp(362): error C2676: binary '!=': 'Vector<char>' does not define this operator or a conversion to a type acceptable to the predefined operator
b:\mapp\game-projects\cplusplus_assignments\a5 - vector 2\advancedcplusplus_a5\advancedcplusplus_a5\vectortest.cpp(363): error C2676: binary '>=': 'Vector<char>' does not define this operator or a conversion to a type acceptable to the predefined operator
b:\mapp\game-projects\cplusplus_assignments\a5 - vector 2\advancedcplusplus_a5\advancedcplusplus_a5\vectortest.cpp(363): error C2676: binary '<=': 'Vector<char>' does not define this operator or a conversion to a type acceptable to the predefined operator
b:\mapp\game-projects\cplusplus_assignments\a5 - vector 2\advancedcplusplus_a5\advancedcplusplus_a5\vectortest.cpp(364): error C2676: binary '<=': 'Vector<char>' does not define this operator or a conversion to a type acceptable to the predefined operator
b:\mapp\game-projects\cplusplus_assignments\a5 - vector 2\advancedcplusplus_a5\advancedcplusplus_a5\vectortest.cpp(364): error C2676: binary '>=': 'Vector<char>' does not define this operator or a conversion to a type acceptable to the predefined operator
b:\mapp\game-projects\cplusplus_assignments\a5 - vector 2\advancedcplusplus_a5\advancedcplusplus_a5\vectortest.cpp(365): error C2676: binary '<=': 'Vector<char>' does not define this operator or a conversion to a type acceptable to the predefined operator
b:\mapp\game-projects\cplusplus_assignments\a5 - vector 2\advancedcplusplus_a5\advancedcplusplus_a5\vectortest.cpp(365): error C2676: binary '>=': 'Vector<char>' does not define this operator or a conversion to a type acceptable to the predefined operator
b:\mapp\game-projects\cplusplus_assignments\a5 - vector 2\advancedcplusplus_a5\advancedcplusplus_a5\vectortest.cpp(368): error C2678: binary '==': no operator found which takes a left-hand operand of type 'Vector<char>' (or there is no acceptable conversion)
  b:\mapp\game-projects\cplusplus_assignments\a5 - vector 2\advancedcplusplus_a5\advancedcplusplus_a5\vectortest.cpp(368): note: could be 'built-in C++ operator==(const char [8], const char [8])'
  b:\mapp\game-projects\cplusplus_assignments\a5 - vector 2\advancedcplusplus_a5\advancedcplusplus_a5\vectortest.cpp(368): note: while trying to match the argument list '(Vector<char>, const char [8])'
b:\mapp\game-projects\cplusplus_assignments\a5 - vector 2\advancedcplusplus_a5\advancedcplusplus_a5\vectortest.cpp(369): error C2678: binary '==': no operator found which takes a left-hand operand of type 'Vector<char>' (or there is no acceptable conversion)
  b:\mapp\game-projects\cplusplus_assignments\a5 - vector 2\advancedcplusplus_a5\advancedcplusplus_a5\vectortest.cpp(369): note: could be 'built-in C++ operator==(const char [7], const char [7])'
  b:\mapp\game-projects\cplusplus_assignments\a5 - vector 2\advancedcplusplus_a5\advancedcplusplus_a5\vectortest.cpp(369): note: while trying to match the argument list '(Vector<char>, const char [7])'
b:\mapp\game-projects\cplusplus_assignments\a5 - vector 2\advancedcplusplus_a5\advancedcplusplus_a5\vector.hpp(293): error C2556: 'VectIter<const T> Vector<T>::begin(void) const': overloaded function differs only by return type from 'VectIter<T> Vector<T>::begin(void) const'
          with
          [
              T=int
          ]
  b:\mapp\game-projects\cplusplus_assignments\a5 - vector 2\advancedcplusplus_a5\advancedcplusplus_a5\vector.hpp(286): note: see declaration of 'Vector<int>::begin'
  b:\mapp\game-projects\cplusplus_assignments\a5 - vector 2\advancedcplusplus_a5\advancedcplusplus_a5\vectortest.cpp(383): note: see reference to class template instantiation 'Vector<int>' being compiled
b:\mapp\game-projects\cplusplus_assignments\a5 - vector 2\advancedcplusplus_a5\advancedcplusplus_a5\vector.hpp(292): error C2371: 'Vector<int>::begin': redefinition; different basic types
  b:\mapp\game-projects\cplusplus_assignments\a5 - vector 2\advancedcplusplus_a5\advancedcplusplus_a5\vector.hpp(286): note: see declaration of 'Vector<int>::begin'
  VectIterTest.cpp
b:\mapp\game-projects\cplusplus_assignments\a5 - vector 2\advancedcplusplus_a5\advancedcplusplus_a5\vector.hpp(293): error C2556: 'VectIter<const T> Vector<T>::begin(void) const': overloaded function differs only by return type from 'VectIter<T> Vector<T>::begin(void) const'
          with
          [
              T=char
          ]
  b:\mapp\game-projects\cplusplus_assignments\a5 - vector 2\advancedcplusplus_a5\advancedcplusplus_a5\vector.hpp(286): note: see declaration of 'Vector<char>::begin'
  b:\mapp\game-projects\cplusplus_assignments\a5 - vector 2\advancedcplusplus_a5\advancedcplusplus_a5\vectitertest.cpp(19): note: see reference to class template instantiation 'Vector<char>' being compiled
b:\mapp\game-projects\cplusplus_assignments\a5 - vector 2\advancedcplusplus_a5\advancedcplusplus_a5\vector.hpp(292): error C2371: 'Vector<char>::begin': redefinition; different basic types
  b:\mapp\game-projects\cplusplus_assignments\a5 - vector 2\advancedcplusplus_a5\advancedcplusplus_a5\vector.hpp(286): note: see declaration of 'Vector<char>::begin'
b:\mapp\game-projects\cplusplus_assignments\a5 - vector 2\advancedcplusplus_a5\advancedcplusplus_a5\vector.hpp(294): error C2059: syntax error: 'return'
b:\mapp\game-projects\cplusplus_assignments\a5 - vector 2\advancedcplusplus_a5\advancedcplusplus_a5\vector.hpp(294): error C2238: unexpected token(s) preceding ';'
b:\mapp\game-projects\cplusplus_assignments\a5 - vector 2\advancedcplusplus_a5\advancedcplusplus_a5\vector.hpp(298): error C2146: syntax error: missing ';' before identifier 'reverse_iterator'
b:\mapp\game-projects\cplusplus_assignments\a5 - vector 2\advancedcplusplus_a5\advancedcplusplus_a5\vectitertest.cpp(74): error C2672: 'IsSameFun<it>::e': no matching overloaded function found
b:\mapp\game-projects\cplusplus_assignments\a5 - vector 2\advancedcplusplus_a5\advancedcplusplus_a5\vectitertest.cpp(75): error C2672: 'IsSameFun<cit>::e': no matching overloaded function found
b:\mapp\game-projects\cplusplus_assignments\a5 - vector 2\advancedcplusplus_a5\advancedcplusplus_a5\vectitertest.cpp(76): error C2039: 'cbegin': is not a member of 'Vector<char>'
  b:\mapp\game-projects\cplusplus_assignments\a5 - vector 2\advancedcplusplus_a5\advancedcplusplus_a5\vectitertest.cpp(19): note: see declaration of 'Vector<char>'
b:\mapp\game-projects\cplusplus_assignments\a5 - vector 2\advancedcplusplus_a5\advancedcplusplus_a5\vectitertest.cpp(76): error C2672: 'IsSameFun<cit>::e': no matching overloaded function found
b:\mapp\game-projects\cplusplus_assignments\a5 - vector 2\advancedcplusplus_a5\advancedcplusplus_a5\vectitertest.cpp(77): error C2039: 'rbegin': is not a member of 'Vector<char>'
  b:\mapp\game-projects\cplusplus_assignments\a5 - vector 2\advancedcplusplus_a5\advancedcplusplus_a5\vectitertest.cpp(19): note: see declaration of 'Vector<char>'
b:\mapp\game-projects\cplusplus_assignments\a5 - vector 2\advancedcplusplus_a5\advancedcplusplus_a5\vectitertest.cpp(77): error C2672: 'IsSameFun<rit>::e': no matching overloaded function found
b:\mapp\game-projects\cplusplus_assignments\a5 - vector 2\advancedcplusplus_a5\advancedcplusplus_a5\vectitertest.cpp(78): error C2039: 'rbegin': is not a member of 'Vector<char>'
  b:\mapp\game-projects\cplusplus_assignments\a5 - vector 2\advancedcplusplus_a5\advancedcplusplus_a5\vectitertest.cpp(19): note: see declaration of 'Vector<char>'
b:\mapp\game-projects\cplusplus_assignments\a5 - vector 2\advancedcplusplus_a5\advancedcplusplus_a5\vectitertest.cpp(78): error C2672: 'IsSameFun<crit>::e': no matching overloaded function found
b:\mapp\game-projects\cplusplus_assignments\a5 - vector 2\advancedcplusplus_a5\advancedcplusplus_a5\vectitertest.cpp(79): error C2039: 'crbegin': is not a member of 'Vector<char>'
  b:\mapp\game-projects\cplusplus_assignments\a5 - vector 2\advancedcplusplus_a5\advancedcplusplus_a5\vectitertest.cpp(19): note: see declaration of 'Vector<char>'
b:\mapp\game-projects\cplusplus_assignments\a5 - vector 2\advancedcplusplus_a5\advancedcplusplus_a5\vectitertest.cpp(79): error C2672: 'IsSameFun<crit>::e': no matching overloaded function found
b:\mapp\game-projects\cplusplus_assignments\a5 - vector 2\advancedcplusplus_a5\advancedcplusplus_a5\vectitertest.cpp(81): error C2039: 'end': is not a member of 'Vector<char>'
  b:\mapp\game-projects\cplusplus_assignments\a5 - vector 2\advancedcplusplus_a5\advancedcplusplus_a5\vectitertest.cpp(19): note: see declaration of 'Vector<char>'
b:\mapp\game-projects\cplusplus_assignments\a5 - vector 2\advancedcplusplus_a5\advancedcplusplus_a5\vectitertest.cpp(81): error C2672: 'IsSameFun<it>::e': no matching overloaded function found
b:\mapp\game-projects\cplusplus_assignments\a5 - vector 2\advancedcplusplus_a5\advancedcplusplus_a5\vectitertest.cpp(82): error C2039: 'end': is not a member of 'Vector<char>'
  b:\mapp\game-projects\cplusplus_assignments\a5 - vector 2\advancedcplusplus_a5\advancedcplusplus_a5\vectitertest.cpp(19): note: see declaration of 'Vector<char>'
b:\mapp\game-projects\cplusplus_assignments\a5 - vector 2\advancedcplusplus_a5\advancedcplusplus_a5\vectitertest.cpp(82): error C2672: 'IsSameFun<cit>::e': no matching overloaded function found
b:\mapp\game-projects\cplusplus_assignments\a5 - vector 2\advancedcplusplus_a5\advancedcplusplus_a5\vectitertest.cpp(83): error C2039: 'cend': is not a member of 'Vector<char>'
  b:\mapp\game-projects\cplusplus_assignments\a5 - vector 2\advancedcplusplus_a5\advancedcplusplus_a5\vectitertest.cpp(19): note: see declaration of 'Vector<char>'
b:\mapp\game-projects\cplusplus_assignments\a5 - vector 2\advancedcplusplus_a5\advancedcplusplus_a5\vectitertest.cpp(83): error C2672: 'IsSameFun<cit>::e': no matching overloaded function found
b:\mapp\game-projects\cplusplus_assignments\a5 - vector 2\advancedcplusplus_a5\advancedcplusplus_a5\vectitertest.cpp(84): error C2039: 'rend': is not a member of 'Vector<char>'
  b:\mapp\game-projects\cplusplus_assignments\a5 - vector 2\advancedcplusplus_a5\advancedcplusplus_a5\vectitertest.cpp(19): note: see declaration of 'Vector<char>'
b:\mapp\game-projects\cplusplus_assignments\a5 - vector 2\advancedcplusplus_a5\advancedcplusplus_a5\vectitertest.cpp(84): error C2672: 'IsSameFun<rit>::e': no matching overloaded function found
b:\mapp\game-projects\cplusplus_assignments\a5 - vector 2\advancedcplusplus_a5\advancedcplusplus_a5\vectitertest.cpp(85): error C2039: 'rend': is not a member of 'Vector<char>'
  b:\mapp\game-projects\cplusplus_assignments\a5 - vector 2\advancedcplusplus_a5\advancedcplusplus_a5\vectitertest.cpp(19): note: see declaration of 'Vector<char>'
b:\mapp\game-projects\cplusplus_assignments\a5 - vector 2\advancedcplusplus_a5\advancedcplusplus_a5\vectitertest.cpp(85): error C2672: 'IsSameFun<crit>::e': no matching overloaded function found
b:\mapp\game-projects\cplusplus_assignments\a5 - vector 2\advancedcplusplus_a5\advancedcplusplus_a5\vectitertest.cpp(86): error C2039: 'crend': is not a member of 'Vector<char>'
  b:\mapp\game-projects\cplusplus_assignments\a5 - vector 2\advancedcplusplus_a5\advancedcplusplus_a5\vectitertest.cpp(19): note: see declaration of 'Vector<char>'
b:\mapp\game-projects\cplusplus_assignments\a5 - vector 2\advancedcplusplus_a5\advancedcplusplus_a5\vectitertest.cpp(86): error C2672: 'IsSameFun<crit>::e': no matching overloaded function found
b:\mapp\game-projects\cplusplus_assignments\a5 - vector 2\advancedcplusplus_a5\advancedcplusplus_a5\vectitertest.cpp(96): error C3536: 'it': cannot be used before it is initialized
b:\mapp\game-projects\cplusplus_assignments\a5 - vector 2\advancedcplusplus_a5\advancedcplusplus_a5\vectitertest.cpp(96): error C2039: 'end': is not a member of 'Vector<char>'
  b:\mapp\game-projects\cplusplus_assignments\a5 - vector 2\advancedcplusplus_a5\advancedcplusplus_a5\vectitertest.cpp(19): note: see declaration of 'Vector<char>'
b:\mapp\game-projects\cplusplus_assignments\a5 - vector 2\advancedcplusplus_a5\advancedcplusplus_a5\vectitertest.cpp(97): error C2100: illegal indirection
b:\mapp\game-projects\cplusplus_assignments\a5 - vector 2\advancedcplusplus_a5\advancedcplusplus_a5\vectitertest.cpp(98): error C2678: binary '==': no operator found which takes a left-hand operand of type 'Vector<char>' (or there is no acceptable conversion)
  b:\mapp\game-projects\cplusplus_assignments\a5 - vector 2\advancedcplusplus_a5\advancedcplusplus_a5\vectitertest.cpp(98): note: could be 'built-in C++ operator==(const char [4], const char [4])'
  b:\mapp\game-projects\cplusplus_assignments\a5 - vector 2\advancedcplusplus_a5\advancedcplusplus_a5\vectitertest.cpp(98): note: while trying to match the argument list '(Vector<char>, const char [4])'
b:\mapp\game-projects\cplusplus_assignments\a5 - vector 2\advancedcplusplus_a5\advancedcplusplus_a5\vectitertest.cpp(102): error C2039: 'cbegin': is not a member of 'Vector<char>'
  b:\mapp\game-projects\cplusplus_assignments\a5 - vector 2\advancedcplusplus_a5\advancedcplusplus_a5\vectitertest.cpp(19): note: see declaration of 'Vector<char>'
b:\mapp\game-projects\cplusplus_assignments\a5 - vector 2\advancedcplusplus_a5\advancedcplusplus_a5\vectitertest.cpp(102): error C3536: 'it': cannot be used before it is initialized
b:\mapp\game-projects\cplusplus_assignments\a5 - vector 2\advancedcplusplus_a5\advancedcplusplus_a5\vectitertest.cpp(102): error C2039: 'cend': is not a member of 'Vector<char>'
  b:\mapp\game-projects\cplusplus_assignments\a5 - vector 2\advancedcplusplus_a5\advancedcplusplus_a5\vectitertest.cpp(19): note: see declaration of 'Vector<char>'
b:\mapp\game-projects\cplusplus_assignments\a5 - vector 2\advancedcplusplus_a5\advancedcplusplus_a5\vectitertest.cpp(103): error C2100: illegal indirection
b:\mapp\game-projects\cplusplus_assignments\a5 - vector 2\advancedcplusplus_a5\advancedcplusplus_a5\vectitertest.cpp(104): error C2678: binary '==': no operator found which takes a left-hand operand of type 'Vector<char>' (or there is no acceptable conversion)
  b:\mapp\game-projects\cplusplus_assignments\a5 - vector 2\advancedcplusplus_a5\advancedcplusplus_a5\vectitertest.cpp(104): note: could be 'built-in C++ operator==(const char [4], const char [4])'
  b:\mapp\game-projects\cplusplus_assignments\a5 - vector 2\advancedcplusplus_a5\advancedcplusplus_a5\vectitertest.cpp(104): note: while trying to match the argument list '(Vector<char>, const char [4])'
b:\mapp\game-projects\cplusplus_assignments\a5 - vector 2\advancedcplusplus_a5\advancedcplusplus_a5\vectitertest.cpp(115): error C2039: 'rbegin': is not a member of 'Vector<char>'
  b:\mapp\game-projects\cplusplus_assignments\a5 - vector 2\advancedcplusplus_a5\advancedcplusplus_a5\vectitertest.cpp(19): note: see declaration of 'Vector<char>'
b:\mapp\game-projects\cplusplus_assignments\a5 - vector 2\advancedcplusplus_a5\advancedcplusplus_a5\vectitertest.cpp(115): error C3536: 'it': cannot be used before it is initialized
b:\mapp\game-projects\cplusplus_assignments\a5 - vector 2\advancedcplusplus_a5\advancedcplusplus_a5\vectitertest.cpp(115): error C2039: 'rend': is not a member of 'Vector<char>'
  b:\mapp\game-projects\cplusplus_assignments\a5 - vector 2\advancedcplusplus_a5\advancedcplusplus_a5\vectitertest.cpp(19): note: see declaration of 'Vector<char>'
b:\mapp\game-projects\cplusplus_assignments\a5 - vector 2\advancedcplusplus_a5\advancedcplusplus_a5\vectitertest.cpp(116): error C2100: illegal indirection
b:\mapp\game-projects\cplusplus_assignments\a5 - vector 2\advancedcplusplus_a5\advancedcplusplus_a5\vectitertest.cpp(117): error C2678: binary '==': no operator found which takes a left-hand operand of type 'Vector<char>' (or there is no acceptable conversion)
  b:\mapp\game-projects\cplusplus_assignments\a5 - vector 2\advancedcplusplus_a5\advancedcplusplus_a5\vectitertest.cpp(117): note: could be 'built-in C++ operator==(const char [4], const char [4])'
  b:\mapp\game-projects\cplusplus_assignments\a5 - vector 2\advancedcplusplus_a5\advancedcplusplus_a5\vectitertest.cpp(117): note: while trying to match the argument list '(Vector<char>, const char [4])'
b:\mapp\game-projects\cplusplus_assignments\a5 - vector 2\advancedcplusplus_a5\advancedcplusplus_a5\vectitertest.cpp(121): error C2039: 'crbegin': is not a member of 'Vector<char>'
  b:\mapp\game-projects\cplusplus_assignments\a5 - vector 2\advancedcplusplus_a5\advancedcplusplus_a5\vectitertest.cpp(19): note: see declaration of 'Vector<char>'
b:\mapp\game-projects\cplusplus_assignments\a5 - vector 2\advancedcplusplus_a5\advancedcplusplus_a5\vectitertest.cpp(121): error C3536: 'it': cannot be used before it is initialized
b:\mapp\game-projects\cplusplus_assignments\a5 - vector 2\advancedcplusplus_a5\advancedcplusplus_a5\vectitertest.cpp(121): error C2039: 'crend': is not a member of 'Vector<char>'
  b:\mapp\game-projects\cplusplus_assignments\a5 - vector 2\advancedcplusplus_a5\advancedcplusplus_a5\vectitertest.cpp(19): note: see declaration of 'Vector<char>'
b:\mapp\game-projects\cplusplus_assignments\a5 - vector 2\advancedcplusplus_a5\advancedcplusplus_a5\vectitertest.cpp(122): error C2100: illegal indirection
b:\mapp\game-projects\cplusplus_assignments\a5 - vector 2\advancedcplusplus_a5\advancedcplusplus_a5\vectitertest.cpp(123): error C2678: binary '==': no operator found which takes a left-hand operand of type 'Vector<char>' (or there is no acceptable conversion)
  b:\mapp\game-projects\cplusplus_assignments\a5 - vector 2\advancedcplusplus_a5\advancedcplusplus_a5\vectitertest.cpp(123): note: could be 'built-in C++ operator==(const char [4], const char [4])'
  b:\mapp\game-projects\cplusplus_assignments\a5 - vector 2\advancedcplusplus_a5\advancedcplusplus_a5\vectitertest.cpp(123): note: while trying to match the argument list '(Vector<char>, const char [4])'
b:\mapp\game-projects\cplusplus_assignments\a5 - vector 2\advancedcplusplus_a5\advancedcplusplus_a5\vectitertest.cpp(135): error C3536: 'b': cannot be used before it is initialized
b:\mapp\game-projects\cplusplus_assignments\a5 - vector 2\advancedcplusplus_a5\advancedcplusplus_a5\vectitertest.cpp(143): error C2039: 'cbegin': is not a member of 'Vector<char>'
  b:\mapp\game-projects\cplusplus_assignments\a5 - vector 2\advancedcplusplus_a5\advancedcplusplus_a5\vectitertest.cpp(19): note: see declaration of 'Vector<char>'
b:\mapp\game-projects\cplusplus_assignments\a5 - vector 2\advancedcplusplus_a5\advancedcplusplus_a5\vectitertest.cpp(144): error C3536: 'b': cannot be used before it is initialized
b:\mapp\game-projects\cplusplus_assignments\a5 - vector 2\advancedcplusplus_a5\advancedcplusplus_a5\vectitertest.cpp(152): error C2039: 'rbegin': is not a member of 'Vector<char>'
  b:\mapp\game-projects\cplusplus_assignments\a5 - vector 2\advancedcplusplus_a5\advancedcplusplus_a5\vectitertest.cpp(19): note: see declaration of 'Vector<char>'
b:\mapp\game-projects\cplusplus_assignments\a5 - vector 2\advancedcplusplus_a5\advancedcplusplus_a5\vectitertest.cpp(153): error C3536: 'b': cannot be used before it is initialized
b:\mapp\game-projects\cplusplus_assignments\a5 - vector 2\advancedcplusplus_a5\advancedcplusplus_a5\vectitertest.cpp(161): error C2039: 'crbegin': is not a member of 'Vector<char>'
  b:\mapp\game-projects\cplusplus_assignments\a5 - vector 2\advancedcplusplus_a5\advancedcplusplus_a5\vectitertest.cpp(19): note: see declaration of 'Vector<char>'
b:\mapp\game-projects\cplusplus_assignments\a5 - vector 2\advancedcplusplus_a5\advancedcplusplus_a5\vectitertest.cpp(162): error C3536: 'b': cannot be used before it is initialized
b:\mapp\game-projects\cplusplus_assignments\a5 - vector 2\advancedcplusplus_a5\advancedcplusplus_a5\vectitertest.cpp(197): error C2039: 'end': is not a member of 'Vector<char>'
  b:\mapp\game-projects\cplusplus_assignments\a5 - vector 2\advancedcplusplus_a5\advancedcplusplus_a5\vectitertest.cpp(19): note: see declaration of 'Vector<char>'
b:\mapp\game-projects\cplusplus_assignments\a5 - vector 2\advancedcplusplus_a5\advancedcplusplus_a5\vectitertest.cpp(197): error C3536: 'it': cannot be used before it is initialized
b:\mapp\game-projects\cplusplus_assignments\a5 - vector 2\advancedcplusplus_a5\advancedcplusplus_a5\vectitertest.cpp(198): error C2100: illegal indirection
b:\mapp\game-projects\cplusplus_assignments\a5 - vector 2\advancedcplusplus_a5\advancedcplusplus_a5\vectitertest.cpp(199): error C2678: binary '==': no operator found which takes a left-hand operand of type 'Vector<char>' (or there is no acceptable conversion)
  b:\mapp\game-projects\cplusplus_assignments\a5 - vector 2\advancedcplusplus_a5\advancedcplusplus_a5\vectitertest.cpp(199): note: could be 'built-in C++ operator==(const char [4], const char [4])'
  b:\mapp\game-projects\cplusplus_assignments\a5 - vector 2\advancedcplusplus_a5\advancedcplusplus_a5\vectitertest.cpp(199): note: while trying to match the argument list '(Vector<char>, const char [4])'
b:\mapp\game-projects\cplusplus_assignments\a5 - vector 2\advancedcplusplus_a5\advancedcplusplus_a5\vectitertest.cpp(203): error C2039: 'crend': is not a member of 'Vector<char>'
  b:\mapp\game-projects\cplusplus_assignments\a5 - vector 2\advancedcplusplus_a5\advancedcplusplus_a5\vectitertest.cpp(19): note: see declaration of 'Vector<char>'
b:\mapp\game-projects\cplusplus_assignments\a5 - vector 2\advancedcplusplus_a5\advancedcplusplus_a5\vectitertest.cpp(203): error C3536: 'it': cannot be used before it is initialized
b:\mapp\game-projects\cplusplus_assignments\a5 - vector 2\advancedcplusplus_a5\advancedcplusplus_a5\vectitertest.cpp(203): error C2039: 'crbegin': is not a member of 'Vector<char>'
  b:\mapp\game-projects\cplusplus_assignments\a5 - vector 2\advancedcplusplus_a5\advancedcplusplus_a5\vectitertest.cpp(19): note: see declaration of 'Vector<char>'
b:\mapp\game-projects\cplusplus_assignments\a5 - vector 2\advancedcplusplus_a5\advancedcplusplus_a5\vectitertest.cpp(204): error C2100: illegal indirection
b:\mapp\game-projects\cplusplus_assignments\a5 - vector 2\advancedcplusplus_a5\advancedcplusplus_a5\vectitertest.cpp(205): error C2678: binary '==': no operator found which takes a left-hand operand of type 'Vector<char>' (or there is no acceptable conversion)
  b:\mapp\game-projects\cplusplus_assignments\a5 - vector 2\advancedcplusplus_a5\advancedcplusplus_a5\vectitertest.cpp(205): note: could be 'built-in C++ operator==(const char [4], const char [4])'
  b:\mapp\game-projects\cplusplus_assignments\a5 - vector 2\advancedcplusplus_a5\advancedcplusplus_a5\vectitertest.cpp(205): note: while trying to match the argument list '(Vector<char>, const char [4])'
b:\mapp\game-projects\cplusplus_assignments\a5 - vector 2\advancedcplusplus_a5\advancedcplusplus_a5\vectitertest.cpp(208): error C2039: 'end': is not a member of 'Vector<char>'
  b:\mapp\game-projects\cplusplus_assignments\a5 - vector 2\advancedcplusplus_a5\advancedcplusplus_a5\vectitertest.cpp(19): note: see declaration of 'Vector<char>'
b:\mapp\game-projects\cplusplus_assignments\a5 - vector 2\advancedcplusplus_a5\advancedcplusplus_a5\vectitertest.cpp(208): error C3536: 'it': cannot be used before it is initialized
b:\mapp\game-projects\cplusplus_assignments\a5 - vector 2\advancedcplusplus_a5\advancedcplusplus_a5\vectitertest.cpp(209): error C2100: illegal indirection
b:\mapp\game-projects\cplusplus_assignments\a5 - vector 2\advancedcplusplus_a5\advancedcplusplus_a5\vectitertest.cpp(210): error C2100: illegal indirection
b:\mapp\game-projects\cplusplus_assignments\a5 - vector 2\advancedcplusplus_a5\advancedcplusplus_a5\vectitertest.cpp(211): error C2100: illegal indirection
b:\mapp\game-projects\cplusplus_assignments\a5 - vector 2\advancedcplusplus_a5\advancedcplusplus_a5\vectitertest.cpp(212): error C2100: illegal indirection
b:\mapp\game-projects\cplusplus_assignments\a5 - vector 2\advancedcplusplus_a5\advancedcplusplus_a5\vectitertest.cpp(213): error C2100: illegal indirection
b:\mapp\game-projects\cplusplus_assignments\a5 - vector 2\advancedcplusplus_a5\advancedcplusplus_a5\vectitertest.cpp(224): error C3536: 'it': cannot be used before it is initialized
b:\mapp\game-projects\cplusplus_assignments\a5 - vector 2\advancedcplusplus_a5\advancedcplusplus_a5\vectitertest.cpp(224): error C2100: illegal indirection
b:\mapp\game-projects\cplusplus_assignments\a5 - vector 2\advancedcplusplus_a5\advancedcplusplus_a5\vectitertest.cpp(225): error C2109: subscript requires array or pointer type
b:\mapp\game-projects\cplusplus_assignments\a5 - vector 2\advancedcplusplus_a5\advancedcplusplus_a5\vectitertest.cpp(226): error C2100: illegal indirection
b:\mapp\game-projects\cplusplus_assignments\a5 - vector 2\advancedcplusplus_a5\advancedcplusplus_a5\vectitertest.cpp(226): error C3245: 'IsSameCheck': use of a variable template requires template argument list
  b:\mapp\game-projects\cplusplus_assignments\a5 - vector 2\advancedcplusplus_a5\advancedcplusplus_a5\vectitertest.cpp(39): note: see declaration of 'IsSameCheck'
b:\mapp\game-projects\cplusplus_assignments\a5 - vector 2\advancedcplusplus_a5\advancedcplusplus_a5\vectitertest.cpp(228): error C3536: 'itC': cannot be used before it is initialized
b:\mapp\game-projects\cplusplus_assignments\a5 - vector 2\advancedcplusplus_a5\advancedcplusplus_a5\vectitertest.cpp(228): error C2100: illegal indirection
b:\mapp\game-projects\cplusplus_assignments\a5 - vector 2\advancedcplusplus_a5\advancedcplusplus_a5\vectitertest.cpp(229): error C2109: subscript requires array or pointer type
b:\mapp\game-projects\cplusplus_assignments\a5 - vector 2\advancedcplusplus_a5\advancedcplusplus_a5\vectitertest.cpp(230): error C2100: illegal indirection
b:\mapp\game-projects\cplusplus_assignments\a5 - vector 2\advancedcplusplus_a5\advancedcplusplus_a5\vectitertest.cpp(230): error C3245: 'IsSameCheck': use of a variable template requires template argument list
  b:\mapp\game-projects\cplusplus_assignments\a5 - vector 2\advancedcplusplus_a5\advancedcplusplus_a5\vectitertest.cpp(39): note: see declaration of 'IsSameCheck'
b:\mapp\game-projects\cplusplus_assignments\a5 - vector 2\advancedcplusplus_a5\advancedcplusplus_a5\vector.hpp(293): error C2556: 'VectIter<const T> Vector<T>::begin(void) const': overloaded function differs only by return type from 'VectIter<T> Vector<T>::begin(void) const'
          with
          [
              T=D
          ]
  b:\mapp\game-projects\cplusplus_assignments\a5 - vector 2\advancedcplusplus_a5\advancedcplusplus_a5\vector.hpp(286): note: see declaration of 'Vector<D>::begin'
  b:\mapp\game-projects\cplusplus_assignments\a5 - vector 2\advancedcplusplus_a5\advancedcplusplus_a5\vectitertest.cpp(231): note: see reference to class template instantiation 'Vector<D>' being compiled
b:\mapp\game-projects\cplusplus_assignments\a5 - vector 2\advancedcplusplus_a5\advancedcplusplus_a5\vector.hpp(292): error C2371: 'Vector<D>::begin': redefinition; different basic types
  b:\mapp\game-projects\cplusplus_assignments\a5 - vector 2\advancedcplusplus_a5\advancedcplusplus_a5\vector.hpp(286): note: see declaration of 'Vector<D>::begin'
b:\mapp\game-projects\cplusplus_assignments\a5 - vector 2\advancedcplusplus_a5\advancedcplusplus_a5\vectitertest.cpp(233): error C2227: left of '->Test' must point to class/struct/union/generic type
b:\mapp\game-projects\cplusplus_assignments\a5 - vector 2\advancedcplusplus_a5\advancedcplusplus_a5\vectitertest.cpp(238): error C2039: 'rbegin': is not a member of 'Vector<char>'
  b:\mapp\game-projects\cplusplus_assignments\a5 - vector 2\advancedcplusplus_a5\advancedcplusplus_a5\vectitertest.cpp(19): note: see declaration of 'Vector<char>'
b:\mapp\game-projects\cplusplus_assignments\a5 - vector 2\advancedcplusplus_a5\advancedcplusplus_a5\vectitertest.cpp(239): error C3536: 'it': cannot be used before it is initialized
b:\mapp\game-projects\cplusplus_assignments\a5 - vector 2\advancedcplusplus_a5\advancedcplusplus_a5\vectitertest.cpp(239): error C2100: illegal indirection
b:\mapp\game-projects\cplusplus_assignments\a5 - vector 2\advancedcplusplus_a5\advancedcplusplus_a5\vectitertest.cpp(240): error C2109: subscript requires array or pointer type
b:\mapp\game-projects\cplusplus_assignments\a5 - vector 2\advancedcplusplus_a5\advancedcplusplus_a5\vectitertest.cpp(241): error C2100: illegal indirection
b:\mapp\game-projects\cplusplus_assignments\a5 - vector 2\advancedcplusplus_a5\advancedcplusplus_a5\vectitertest.cpp(241): error C3245: 'IsSameCheck': use of a variable template requires template argument list
  b:\mapp\game-projects\cplusplus_assignments\a5 - vector 2\advancedcplusplus_a5\advancedcplusplus_a5\vectitertest.cpp(39): note: see declaration of 'IsSameCheck'
b:\mapp\game-projects\cplusplus_assignments\a5 - vector 2\advancedcplusplus_a5\advancedcplusplus_a5\vectitertest.cpp(242): error C2039: 'rbegin': is not a member of 'Vector<char>'
  b:\mapp\game-projects\cplusplus_assignments\a5 - vector 2\advancedcplusplus_a5\advancedcplusplus_a5\vectitertest.cpp(19): note: see declaration of 'Vector<char>'
b:\mapp\game-projects\cplusplus_assignments\a5 - vector 2\advancedcplusplus_a5\advancedcplusplus_a5\vectitertest.cpp(243): error C3536: 'itC': cannot be used before it is initialized
b:\mapp\game-projects\cplusplus_assignments\a5 - vector 2\advancedcplusplus_a5\advancedcplusplus_a5\vectitertest.cpp(243): error C2100: illegal indirection
b:\mapp\game-projects\cplusplus_assignments\a5 - vector 2\advancedcplusplus_a5\advancedcplusplus_a5\vectitertest.cpp(244): error C2109: subscript requires array or pointer type
b:\mapp\game-projects\cplusplus_assignments\a5 - vector 2\advancedcplusplus_a5\advancedcplusplus_a5\vectitertest.cpp(245): error C2100: illegal indirection
b:\mapp\game-projects\cplusplus_assignments\a5 - vector 2\advancedcplusplus_a5\advancedcplusplus_a5\vectitertest.cpp(245): error C3245: 'IsSameCheck': use of a variable template requires template argument list
  b:\mapp\game-projects\cplusplus_assignments\a5 - vector 2\advancedcplusplus_a5\advancedcplusplus_a5\vectitertest.cpp(39): note: see declaration of 'IsSameCheck'
b:\mapp\game-projects\cplusplus_assignments\a5 - vector 2\advancedcplusplus_a5\advancedcplusplus_a5\vectitertest.cpp(248): error C2039: 'rbegin': is not a member of 'Vector<D>'
  b:\mapp\game-projects\cplusplus_assignments\a5 - vector 2\advancedcplusplus_a5\advancedcplusplus_a5\vectitertest.cpp(231): note: see declaration of 'Vector<D>'
b:\mapp\game-projects\cplusplus_assignments\a5 - vector 2\advancedcplusplus_a5\advancedcplusplus_a5\vectitertest.cpp(248): error C2227: left of '->Test' must point to class/struct/union/generic type
b:\mapp\game-projects\cplusplus_assignments\a5 - vector 2\advancedcplusplus_a5\advancedcplusplus_a5\vectitertest.cpp(258): error C3536: 'i': cannot be used before it is initialized
b:\mapp\game-projects\cplusplus_assignments\a5 - vector 2\advancedcplusplus_a5\advancedcplusplus_a5\vectitertest.cpp(258): error C2039: 'end': is not a member of 'Vector<char>'
  b:\mapp\game-projects\cplusplus_assignments\a5 - vector 2\advancedcplusplus_a5\advancedcplusplus_a5\vectitertest.cpp(19): note: see declaration of 'Vector<char>'
b:\mapp\game-projects\cplusplus_assignments\a5 - vector 2\advancedcplusplus_a5\advancedcplusplus_a5\vectitertest.cpp(259): error C2100: illegal indirection
b:\mapp\game-projects\cplusplus_assignments\a5 - vector 2\advancedcplusplus_a5\advancedcplusplus_a5\vectitertest.cpp(259): error C2088: '<<': illegal for class
b:\mapp\game-projects\cplusplus_assignments\a5 - vector 2\advancedcplusplus_a5\advancedcplusplus_a5\vectitertest.cpp(263): error C3536: 'it': cannot be used before it is initialized
b:\mapp\game-projects\cplusplus_assignments\a5 - vector 2\advancedcplusplus_a5\advancedcplusplus_a5\vectitertest.cpp(263): fatal error C1003: error count exceeds 100; stopping compilation
  Generating Code...
