  ListIterTest.cpp
d:\gameprojects\cplusplus_assignments\a2 - linked list\advancedcplusplus_a2\advancedcplusplus_a2\list.hpp(266): error C2440: '<function-style-cast>': cannot convert from 'const List<char>::Link<T>' to 'List<char>::ListIter<T>'
          with
          [
              T=char
          ]
  d:\gameprojects\cplusplus_assignments\a2 - linked list\advancedcplusplus_a2\advancedcplusplus_a2\list.hpp(266): note: No constructor could take the source type, or constructor overload resolution was ambiguous
  d:\gameprojects\cplusplus_assignments\a2 - linked list\advancedcplusplus_a2\advancedcplusplus_a2\list.hpp(265): note: while compiling class template member function 'List<char>::ListIter<T> List<T>::end(void) const'
          with
          [
              T=char
          ]
  d:\gameprojects\cplusplus_assignments\a2 - linked list\advancedcplusplus_a2\advancedcplusplus_a2\listitertest.cpp(22): note: see reference to function template instantiation 'List<char>::ListIter<T> List<T>::end(void) const' being compiled
          with
          [
              T=char
          ]
  d:\gameprojects\cplusplus_assignments\a2 - linked list\advancedcplusplus_a2\advancedcplusplus_a2\testhjälp.h(4): note: see reference to class template instantiation 'List<char>' being compiled
  ListTest.cpp
d:\gameprojects\cplusplus_assignments\a2 - linked list\advancedcplusplus_a2\advancedcplusplus_a2\list.hpp(285): error C2248: 'List<char>::ListIter<T>::_linkPtr': cannot access private member declared in class 'List<char>::ListIter<T>'
          with
          [
              T=char
          ]
  d:\gameprojects\cplusplus_assignments\a2 - linked list\advancedcplusplus_a2\advancedcplusplus_a2\list.hpp(54): note: see declaration of 'List<char>::ListIter<T>::_linkPtr'
          with
          [
              T=char
          ]
  d:\gameprojects\cplusplus_assignments\a2 - linked list\advancedcplusplus_a2\advancedcplusplus_a2\list.hpp(146): note: see declaration of 'List<char>::ListIter<T>'
          with
          [
              T=char
          ]
  d:\gameprojects\cplusplus_assignments\a2 - linked list\advancedcplusplus_a2\advancedcplusplus_a2\list.hpp(284): note: while compiling class template member function 'List<char>::ListIter<T> List<T>::insert(const List<T>::ListIter<T> &,const T &)'
          with
          [
              T=char
          ]
  d:\gameprojects\cplusplus_assignments\a2 - linked list\advancedcplusplus_a2\advancedcplusplus_a2\list.hpp(299): note: see reference to function template instantiation 'List<char>::ListIter<T> List<T>::insert(const List<T>::ListIter<T> &,const T &)' being compiled
          with
          [
              T=char
          ]
  d:\gameprojects\cplusplus_assignments\a2 - linked list\advancedcplusplus_a2\advancedcplusplus_a2\testhjälp.h(4): note: see reference to class template instantiation 'List<char>' being compiled
d:\gameprojects\cplusplus_assignments\a2 - linked list\advancedcplusplus_a2\advancedcplusplus_a2\list.hpp(287): error C2440: 'return': cannot convert from 'List<char>' to 'List<char>::ListIter<T>'
          with
          [
              T=char
          ]
  d:\gameprojects\cplusplus_assignments\a2 - linked list\advancedcplusplus_a2\advancedcplusplus_a2\list.hpp(287): note: No user-defined-conversion operator available that can perform this conversion, or the operator cannot be called
  Main.cpp
  Generating Code...
